<?xml version="1.0" encoding="UTF-8"?>
<testsuite name="com.evgen.test.ServiceImplTest" tests="4" skipped="0" failures="0" errors="0" timestamp="2018-11-17T13:34:47" hostname="EPBYBREW0081" time="0.094">
  <properties/>
  <testcase name="retrieveReservationTest" classname="com.evgen.test.ServiceImplTest" time="0.065"/>
  <testcase name="deleteReservationTest" classname="com.evgen.test.ServiceImplTest" time="0.01"/>
  <testcase name="createReservationTest" classname="com.evgen.test.ServiceImplTest" time="0.009"/>
  <testcase name="updateReservationTest" classname="com.evgen.test.ServiceImplTest" time="0.009"/>
  <system-out><![CDATA[16:34:47.242 [Test worker] INFO  org.springframework.test.context.support.DefaultTestContextBootstrapper - Loaded default TestExecutionListener class names from location [META-INF/spring.factories]: [org.springframework.test.context.web.ServletTestExecutionListener, org.springframework.test.context.support.DirtiesContextBeforeModesTestExecutionListener, org.springframework.test.context.support.DependencyInjectionTestExecutionListener, org.springframework.test.context.support.DirtiesContextTestExecutionListener, org.springframework.test.context.transaction.TransactionalTestExecutionListener, org.springframework.test.context.jdbc.SqlScriptsTestExecutionListener]
16:34:47.252 [Test worker] INFO  org.springframework.test.context.support.DefaultTestContextBootstrapper - Using TestExecutionListeners: [org.springframework.test.context.support.DirtiesContextBeforeModesTestExecutionListener@606e7248, org.springframework.test.context.support.DependencyInjectionTestExecutionListener@3b57668d, org.springframework.test.context.support.DirtiesContextTestExecutionListener@5a03ddb5, org.springframework.test.context.transaction.TransactionalTestExecutionListener@2776e4e9, org.springframework.test.context.jdbc.SqlScriptsTestExecutionListener@34193e7d]
16:34:47.660 [Test worker] DEBUG com.evgen.test.ServiceImplTest - test: retrieve reservation
16:34:47.723 [Test worker] DEBUG com.evgen.test.ServiceImplTest - test: delete reservation
16:34:47.733 [Test worker] DEBUG com.evgen.test.ServiceImplTest - test: create reservation
16:34:47.743 [Test worker] DEBUG com.evgen.test.ServiceImplTest - test: update reservation
]]></system-out>
  <system-err><![CDATA[]]></system-err>
</testsuite>
